Logfile initialized
[INFO] logfile = /home/keith/Titanium_Studio_Workspace/SICExp/build.log
[DEBUG] /home/keith/.titanium/mobilesdk/linux/3.0.0.GA/android/builder.py install SicEX /home/keith/Droider /home/keith/Titanium_Studio_Workspace/SICExp com.BeatQuest.SicEX 6  
[INFO] Titanium SDK version: 3.0.0 (12/12/12 18:49 a5894b3)
[DEBUG] Waiting for device to be ready ...
[TRACE] adb devices returned 1 devices/emulators
[DEBUG] Device connected... (waited 0 seconds)
[DEBUG] waited 0.006744 seconds on emulator to get ready
[DEBUG] com.BeatQuest.SicEX installed? True
[INFO] Copying CommonJS modules...
[INFO] Copying project resources..
[TRACE] COPYING MODIFIED FILE: /home/keith/Titanium_Studio_Workspace/SICExp/Resources/CoreFiles/process.js => /home/keith/Titanium_Studio_Workspace/SICExp/build/android/bin/assets/Resources/CoreFiles/process.js
[TRACE] Generating Java Classes
[DEBUG] Processing Android resource drawables
[DEBUG] copying app icon: /home/keith/Titanium_Studio_Workspace/SICExp/build/android/bin/assets/Resources/appicon.png
[DEBUG] generating theme.xml
[DEBUG] found drawable-notlong-port-ldpi splash screen at /home/keith/Titanium_Studio_Workspace/SICExp/Resources/android/images/res-notlong-port-ldpi/default.png
[DEBUG] copying /home/keith/Titanium_Studio_Workspace/SICExp/Resources/android/images/res-notlong-port-ldpi/default.png splash screen to /home/keith/Titanium_Studio_Workspace/SICExp/build/android/res/drawable-notlong-port-ldpi/background.png
[DEBUG] found drawable-long-port-ldpi splash screen at /home/keith/Titanium_Studio_Workspace/SICExp/Resources/android/images/res-long-port-ldpi/default.png
[DEBUG] copying /home/keith/Titanium_Studio_Workspace/SICExp/Resources/android/images/res-long-port-ldpi/default.png splash screen to /home/keith/Titanium_Studio_Workspace/SICExp/build/android/res/drawable-long-port-ldpi/background.png
[DEBUG] found drawable-long-port-hdpi splash screen at /home/keith/Titanium_Studio_Workspace/SICExp/Resources/android/images/res-long-port-hdpi/default.png
[DEBUG] copying /home/keith/Titanium_Studio_Workspace/SICExp/Resources/android/images/res-long-port-hdpi/default.png splash screen to /home/keith/Titanium_Studio_Workspace/SICExp/build/android/res/drawable-long-port-hdpi/background.png
[DEBUG] found drawable-long-land-hdpi splash screen at /home/keith/Titanium_Studio_Workspace/SICExp/Resources/android/images/res-long-land-hdpi/default.png
[DEBUG] copying /home/keith/Titanium_Studio_Workspace/SICExp/Resources/android/images/res-long-land-hdpi/default.png splash screen to /home/keith/Titanium_Studio_Workspace/SICExp/build/android/res/drawable-long-land-hdpi/background.png
[DEBUG] found drawable-long-land-ldpi splash screen at /home/keith/Titanium_Studio_Workspace/SICExp/Resources/android/images/res-long-land-ldpi/default.png
[DEBUG] copying /home/keith/Titanium_Studio_Workspace/SICExp/Resources/android/images/res-long-land-ldpi/default.png splash screen to /home/keith/Titanium_Studio_Workspace/SICExp/build/android/res/drawable-long-land-ldpi/background.png
[DEBUG] found drawable-notlong-land-ldpi splash screen at /home/keith/Titanium_Studio_Workspace/SICExp/Resources/android/images/res-notlong-land-ldpi/default.png
[DEBUG] copying /home/keith/Titanium_Studio_Workspace/SICExp/Resources/android/images/res-notlong-land-ldpi/default.png splash screen to /home/keith/Titanium_Studio_Workspace/SICExp/build/android/res/drawable-notlong-land-ldpi/background.png
[DEBUG] found drawable-notlong-port-hdpi splash screen at /home/keith/Titanium_Studio_Workspace/SICExp/Resources/android/images/res-notlong-port-hdpi/default.png
[DEBUG] copying /home/keith/Titanium_Studio_Workspace/SICExp/Resources/android/images/res-notlong-port-hdpi/default.png splash screen to /home/keith/Titanium_Studio_Workspace/SICExp/build/android/res/drawable-notlong-port-hdpi/background.png
[DEBUG] found drawable-notlong-land-hdpi splash screen at /home/keith/Titanium_Studio_Workspace/SICExp/Resources/android/images/res-notlong-land-hdpi/default.png
[DEBUG] copying /home/keith/Titanium_Studio_Workspace/SICExp/Resources/android/images/res-notlong-land-hdpi/default.png splash screen to /home/keith/Titanium_Studio_Workspace/SICExp/build/android/res/drawable-notlong-land-hdpi/background.png
[DEBUG] found drawable-notlong-land-mdpi splash screen at /home/keith/Titanium_Studio_Workspace/SICExp/Resources/android/images/res-notlong-land-mdpi/default.png
[DEBUG] copying /home/keith/Titanium_Studio_Workspace/SICExp/Resources/android/images/res-notlong-land-mdpi/default.png splash screen to /home/keith/Titanium_Studio_Workspace/SICExp/build/android/res/drawable-notlong-land-mdpi/background.png
[DEBUG] found drawable-notlong-port-mdpi splash screen at /home/keith/Titanium_Studio_Workspace/SICExp/Resources/android/images/res-notlong-port-mdpi/default.png
[DEBUG] copying /home/keith/Titanium_Studio_Workspace/SICExp/Resources/android/images/res-notlong-port-mdpi/default.png splash screen to /home/keith/Titanium_Studio_Workspace/SICExp/build/android/res/drawable-notlong-port-mdpi/background.png
[DEBUG] found splash screen at /home/keith/Titanium_Studio_Workspace/SICExp/build/android/bin/assets/Resources/default.png
[TRACE] Writing out AndroidManifest.xml
[DEBUG] adding /home/keith/Titanium_Studio_Workspace/SICExp/build/android/gen/com/BeatQuest/SicEX/R.java to javac build list
[DEBUG] adding /home/keith/Titanium_Studio_Workspace/SICExp/build/android/gen/com/BeatQuest/SicEX/SicexActivity.java to javac build list
[DEBUG] adding /home/keith/Titanium_Studio_Workspace/SICExp/build/android/gen/com/BeatQuest/SicEX/SicexApplication.java to javac build list
[DEBUG] adding /home/keith/Titanium_Studio_Workspace/SICExp/build/android/gen/com/BeatQuest/SicEX/SicexAppInfo.java to javac build list
[DEBUG] Building Java Sources: "/home/keith/Titanium_Studio_Workspace/SICExp/build/android/gen/com/BeatQuest/SicEX/R.java" "/home/keith/Titanium_Studio_Workspace/SICExp/build/android/gen/com/BeatQuest/SicEX/SicexActivity.java" "/home/keith/Titanium_Studio_Workspace/SICExp/build/android/gen/com/BeatQuest/SicEX/SicexApplication.java" "/home/keith/Titanium_Studio_Workspace/SICExp/build/android/gen/com/BeatQuest/SicEX/SicexAppInfo.java"
[INFO] Compiling Android Resources... This could take some time
[DEBUG] Android classes.dex built
[DEBUG] creating unsigned apk: /home/keith/Titanium_Studio_Workspace/SICExp/build/android/bin/app-unsigned.apk
[DEBUG] from resource zip => assets/Resources/CoreFiles/AJ.js
[DEBUG] from resource zip => assets/Resources/CoreFiles/AltJson.js
[DEBUG] from resource zip => assets/Resources/CoreFiles/DataFix.js
[DEBUG] from resource zip => assets/Resources/CoreFiles/LoadJson.js
[DEBUG] from resource zip => assets/Resources/CoreFiles/MusicPlayer.js
[DEBUG] from resource zip => assets/Resources/CoreFiles/Templates.js
[DEBUG] from resource zip => assets/Resources/CoreFiles/TextLoad.js
[DEBUG] from resource zip => assets/Resources/CoreFiles/json2txt.js
[DEBUG] from resource zip => assets/Resources/CoreFiles/process.js
[DEBUG] from resource zip => assets/Resources/images/KS_nav_ui.png
[DEBUG] from resource zip => assets/Resources/images/KS_nav_views.png
[DEBUG] from resource zip => assets/Resources/text/About.txt
[DEBUG] from resource zip => assets/Resources/text/SCid.txt
[DEBUG] from resource zip => assets/Resources/text/content.png
[DEBUG] from resource zip => assets/Resources/text/headphones.png
[DEBUG] from resource zip => assets/Resources/text/pc.png
[DEBUG] from resource zip => assets/Resources/text/vOFF.png
[DEBUG] from resource zip => assets/Resources/text/vON.png
[DEBUG] from resource zip => assets/Resources/ui/common/ApplicationTabGroup.js
[DEBUG] from resource zip => assets/Resources/ui/handheld/ApplicationWindow.js
[DEBUG] from resource zip => assets/Resources/ui/tablet/ApplicationWindow.js
[DEBUG] from resource zip => assets/Resources/KS_nav_ui.png
[DEBUG] from resource zip => assets/Resources/KS_nav_views.png
[DEBUG] from resource zip => assets/Resources/app.js
[DEBUG] from resource zip => assets/Resources/appicon.png
[DEBUG] from resource zip => assets/Resources/default.png
[DEBUG] from resource zip => assets/app.json
[DEBUG] from resource zip => assets/index.json
[DEBUG] from resource zip => assets/tiapp.xml
[DEBUG] from resource zip => res/drawable/appicon.png
[DEBUG] from resource zip => res/drawable/background.png
[DEBUG] from resource zip => res/layout/titanium_tabgroup.xml
[DEBUG] from resource zip => AndroidManifest.xml
[DEBUG] from resource zip => resources.arsc
[DEBUG] from resource zip => res/drawable-long-land-hdpi/background.png
[DEBUG] from resource zip => res/drawable-long-land-ldpi/background.png
[DEBUG] from resource zip => res/drawable-long-port-hdpi/background.png
[DEBUG] from resource zip => res/drawable-long-port-ldpi/background.png
[DEBUG] from resource zip => res/drawable-notlong-land-hdpi/background.png
[DEBUG] from resource zip => res/drawable-notlong-land-ldpi/background.png
[DEBUG] from resource zip => res/drawable-notlong-land-mdpi/background.png
[DEBUG] from resource zip => res/drawable-notlong-port-hdpi/background.png
[DEBUG] from resource zip => res/drawable-notlong-port-ldpi/background.png
[DEBUG] from resource zip => res/drawable-notlong-port-mdpi/background.png
[DEBUG] from JAR /home/keith/.titanium/mobilesdk/linux/3.0.0.GA/android/thirdparty.jar => org/apache/Commons-NOTICE.txt
[DEBUG] from JAR /home/keith/.titanium/mobilesdk/linux/3.0.0.GA/android/thirdparty.jar => org/apache/HttpComponents-NOTICE.txt
[DEBUG] from JAR /home/keith/.titanium/mobilesdk/linux/3.0.0.GA/android/thirdparty.jar => org/apache/mime4j-NOTICE.txt
[DEBUG] from JAR /home/keith/.titanium/mobilesdk/linux/3.0.0.GA/android/titanium.jar => org/appcelerator/titanium/build.properties
[DEBUG] from JAR /home/keith/.titanium/mobilesdk/linux/3.0.0.GA/android/titanium.jar => org/appcelerator/titanium/res/drawable/background.png
[DEBUG] from JAR /home/keith/.titanium/mobilesdk/linux/3.0.0.GA/android/titanium.jar => org/appcelerator/titanium/res/drawable/btn_check_buttonless_on.png
[DEBUG] from JAR /home/keith/.titanium/mobilesdk/linux/3.0.0.GA/android/titanium.jar => org/appcelerator/titanium/res/drawable/btn_check_buttonless_on_18.png
[DEBUG] from JAR /home/keith/.titanium/mobilesdk/linux/3.0.0.GA/android/titanium.jar => org/appcelerator/titanium/res/drawable/btn_check_buttonless_on_48.png
[DEBUG] from JAR /home/keith/.titanium/mobilesdk/linux/3.0.0.GA/android/titanium.jar => org/appcelerator/titanium/res/drawable/btn_check_buttonless_on_64.png
[DEBUG] from JAR /home/keith/.titanium/mobilesdk/linux/3.0.0.GA/android/titanium.jar => org/appcelerator/titanium/res/drawable/btn_more.png
[DEBUG] from JAR /home/keith/.titanium/mobilesdk/linux/3.0.0.GA/android/titanium.jar => org/appcelerator/titanium/res/drawable/btn_more_18.png
[DEBUG] from JAR /home/keith/.titanium/mobilesdk/linux/3.0.0.GA/android/titanium.jar => org/appcelerator/titanium/res/drawable/btn_more_48.png
[DEBUG] from JAR /home/keith/.titanium/mobilesdk/linux/3.0.0.GA/android/titanium.jar => org/appcelerator/titanium/res/drawable/btn_more_64.png
[DEBUG] from JAR /home/keith/.titanium/mobilesdk/linux/3.0.0.GA/android/titanium.jar => org/appcelerator/titanium/res/drawable/btn_picker_normal.9.png
[DEBUG] from JAR /home/keith/.titanium/mobilesdk/linux/3.0.0.GA/android/titanium.jar => org/appcelerator/titanium/res/drawable/btn_picker_pressed.9.png
[DEBUG] from JAR /home/keith/.titanium/mobilesdk/linux/3.0.0.GA/android/titanium.jar => org/appcelerator/titanium/res/drawable/btn_picker_selected.9.png
[DEBUG] from JAR /home/keith/.titanium/mobilesdk/linux/3.0.0.GA/android/titanium.jar => org/appcelerator/titanium/res/drawable/default_icon.png
[DEBUG] from JAR /home/keith/.titanium/mobilesdk/linux/3.0.0.GA/android/titanium.jar => org/appcelerator/titanium/res/drawable/photoDefault.png
[DEBUG] from JAR /home/keith/.titanium/mobilesdk/linux/3.0.0.GA/android/modules/titanium-ui.jar => ti/modules/titanium/ui/widget/webview/binding.js
[DEBUG] from JAR /home/keith/.titanium/mobilesdk/linux/3.0.0.GA/android/modules/titanium-ui.jar => ti/modules/titanium/ui/widget/webview/binding.min.js
[DEBUG] from JAR /home/keith/.titanium/mobilesdk/linux/3.0.0.GA/android/modules/titanium-ui.jar => ti/modules/titanium/ui/widget/webview/json2.js
[DEBUG] from JAR /home/keith/.titanium/mobilesdk/linux/3.0.0.GA/android/modules/titanium-ui.jar => ti/modules/titanium/ui/widget/webview/polling.js
[DEBUG] from JAR /home/keith/.titanium/mobilesdk/linux/3.0.0.GA/android/modules/titanium-ui.jar => ti/modules/titanium/ui/widget/webview/polling.min.js
[DEBUG] installing native SDK libs
[DEBUG] Waiting for device to be ready ...
[TRACE] adb devices returned 1 devices/emulators
[DEBUG] Device connected... (waited 0 seconds)
[DEBUG] waited 0.008672 seconds on emulator to get ready
[INFO] Installing application on device
[INFO] Application installed. Launch from drawer on Home Screen
